<?xml version="1.0" encoding="UTF-8"?>
<!-- Generated by org.testng.reporters.JUnitReportReporter -->
<testsuite hostname="DESKTOP-S0L18LR" failures="0" tests="1" name="TestNgScript.annotation" time="0.041" errors="0" timestamp="2023-07-17T14:01:24 IST" skipped="0">
  <testcase classname="TestNgScript.annotation" name="CreateCustomer" time="0.041">
    <system-out>
      <![CDATA[Customer Created successfully]]>
    </system-out>
  </testcase> <!-- CreateCustomer -->
  <system-out>
    <![CDATA[database Connected
Browser is Launched
Logged in Successfully
Customer Created successfully
Logout Successfully
Browser Closed Successfully
Database Disconnected]]>
  </system-out>
</testsuite> <!-- TestNgScript.annotation -->
