<?xml version="1.0" encoding="UTF-8"?>
<!-- Generated by org.testng.reporters.JUnitReportReporter -->
<testsuite hostname="DESKTOP-S0L18LR" failures="0" tests="1" name="TestNgScript.AssertIfElse" time="11.515" errors="0" timestamp="2023-07-17T15:14:01 IST" skipped="0">
  <testcase classname="TestNgScript.AssertIfElse" name="TitleCompare" time="11.515">
    <system-out>
      <![CDATA[Title is Not Matching]]>
    </system-out>
  </testcase> <!-- TitleCompare -->
  <system-out>
    <![CDATA[Title is Not Matching]]>
  </system-out>
</testsuite> <!-- TestNgScript.AssertIfElse -->
