<?xml version="1.0" encoding="UTF-8"?>
<!-- Generated by org.testng.reporters.JUnitReportReporter -->
<testsuite hostname="DESKTOP-S0L18LR" failures="0" tests="1" name="TitlecompareHardAssert" time="12.565" errors="0" timestamp="2023-07-17T15:19:32 IST" skipped="0">
  <testcase classname="TitlecompareHardAssert" name="TitleCompare" time="12.565"/>
</testsuite> <!-- TitlecompareHardAssert -->
