<?xml version="1.0" encoding="UTF-8"?>
<!-- Generated by org.testng.reporters.JUnitReportReporter -->
<testsuite hostname="DESKTOP-S0L18LR" failures="0" tests="8" name="TestNgScript.Cricketer" time="0.029" errors="0" timestamp="2023-07-13T10:50:08 IST" skipped="0">
  <testcase classname="TestNgScript.Cricketer" name="editcustmor" time="0.002">
    <system-out>
      <![CDATA[custmor edit]]>
    </system-out>
  </testcase> <!-- editcustmor -->
  <testcase classname="TestNgScript.Cricketer" name="deletecustmor" time="0.002">
    <system-out>
      <![CDATA[custmor delete]]>
    </system-out>
  </testcase> <!-- deletecustmor -->
  <testcase classname="TestNgScript.Cricketer" name="modifycustmor" time="0.003">
    <system-out>
      <![CDATA[custmor modify]]>
    </system-out>
  </testcase> <!-- modifycustmor -->
  <testcase classname="TestNgScript.Cricketer" name="createdcustmor" time="0.002">
    <system-out>
      <![CDATA[creted customer]]>
    </system-out>
  </testcase> <!-- createdcustmor -->
  <testcase classname="TestNgScript.Cricketer" name="createdcustmor" time="0.010">
    <system-out>
      <![CDATA[creted customer]]>
    </system-out>
  </testcase> <!-- createdcustmor -->
  <testcase classname="TestNgScript.Cricketer" name="createdcustmor" time="0.002">
    <system-out>
      <![CDATA[creted customer]]>
    </system-out>
  </testcase> <!-- createdcustmor -->
  <testcase classname="TestNgScript.Cricketer" name="createdcustmor" time="0.004">
    <system-out>
      <![CDATA[creted customer]]>
    </system-out>
  </testcase> <!-- createdcustmor -->
  <testcase classname="TestNgScript.Cricketer" name="createdcustmor" time="0.004">
    <system-out>
      <![CDATA[creted customer]]>
    </system-out>
  </testcase> <!-- createdcustmor -->
  <system-out>
    <![CDATA[custmor edit
custmor delete
custmor modify
creted customer
creted customer
creted customer
creted customer
creted customer
custmor edit
custmor delete
custmor modify
custmor edit
custmor delete
custmor modify
creted customer
creted customer
creted customer
creted customer
creted customer
custmor edit
custmor delete
custmor modify
creted customer
creted customer
creted customer
creted customer
creted customer]]>
  </system-out>
</testsuite> <!-- TestNgScript.Cricketer -->
