<?xml version="1.0" encoding="UTF-8"?>
<!-- Generated by org.testng.reporters.JUnitReportReporter -->
<testsuite hostname="DESKTOP-S0L18LR" failures="0" tests="2" name="TestNgScript.Mumbai" time="22.856" errors="0" timestamp="2023-07-17T14:24:33 IST" skipped="0">
  <testcase classname="TestNgScript.Mumbai" name="Dhoni" time="7.630">
    <system-out>
      <![CDATA[Captain Cool]]>
    </system-out>
  </testcase> <!-- Dhoni -->
  <testcase classname="TestNgScript.Mumbai" name="MayaNagari" time="15.226">
    <system-out>
      <![CDATA[Mumbai is Dream City]]>
    </system-out>
  </testcase> <!-- MayaNagari -->
  <system-out>
    <![CDATA[Database Connected
Browse is Launched
Logged in Successfully
Captain Cool
Logout Successfully
Logged in Successfully
Mumbai is Dream City
Logout Successfully
Browser Closed Successfully
Database Disconnected]]>
  </system-out>
</testsuite> <!-- TestNgScript.Mumbai -->
